{"/Users/JasonYang/Desktop/practice-demo/my_lodash/app/array/array.js":{"path":"/Users/JasonYang/Desktop/practice-demo/my_lodash/app/array/array.js","s":{"1":1,"2":1,"3":5,"4":16,"5":1,"6":4,"7":4,"8":4,"9":1,"10":1,"11":1,"12":3,"13":1,"14":1,"15":3,"16":1,"17":1,"18":1,"19":3,"20":1,"21":1,"22":2,"23":2,"24":10,"25":3,"26":4,"27":1,"28":4,"29":4,"30":4,"31":1,"32":1,"33":1,"34":3,"35":1,"36":1,"37":3,"38":1,"39":1,"40":1,"41":3,"42":1,"43":1,"44":2,"45":2,"46":10,"47":1,"48":4,"49":1,"50":3,"51":3,"52":3,"53":10,"54":4,"55":0,"56":3,"57":1,"58":2,"59":2,"60":2,"61":2,"62":9,"63":3,"64":3,"65":2,"66":0,"67":2,"68":3,"69":2,"70":1},"b":{"1":[1,3],"2":[1,2],"3":[1,2],"4":[1,2],"5":[3,7],"6":[1,3],"7":[1,2],"8":[1,2],"9":[1,2],"10":[1,9],"11":[3,0],"12":[4,6],"13":[3,6],"14":[0,2]},"f":{"1":0,"2":5,"3":4,"4":4,"5":3,"6":2},"fnMap":{"1":{"name":"Array","line":3,"loc":{"start":{"line":3,"column":0},"end":{"line":3,"column":17}}},"2":{"name":"(anonymous_2)","line":7,"loc":{"start":{"line":7,"column":16},"end":{"line":7,"column":42}}},"3":{"name":"(anonymous_3)","line":13,"loc":{"start":{"line":13,"column":12},"end":{"line":13,"column":37}}},"4":{"name":"(anonymous_4)","line":45,"loc":{"start":{"line":45,"column":12},"end":{"line":45,"column":37}}},"5":{"name":"(anonymous_5)","line":77,"loc":{"start":{"line":77,"column":15},"end":{"line":77,"column":41}}},"6":{"name":"(anonymous_6)","line":93,"loc":{"start":{"line":93,"column":15},"end":{"line":93,"column":40}}}},"statementMap":{"1":{"start":{"line":3,"column":0},"end":{"line":5,"column":1}},"2":{"start":{"line":7,"column":0},"end":{"line":11,"column":1}},"3":{"start":{"line":8,"column":2},"end":{"line":10,"column":3}},"4":{"start":{"line":9,"column":4},"end":{"line":9,"column":23}},"5":{"start":{"line":13,"column":0},"end":{"line":43,"column":1}},"6":{"start":{"line":14,"column":2},"end":{"line":14,"column":10}},"7":{"start":{"line":15,"column":2},"end":{"line":15,"column":14}},"8":{"start":{"line":16,"column":2},"end":{"line":41,"column":3}},"9":{"start":{"line":17,"column":4},"end":{"line":17,"column":33}},"10":{"start":{"line":18,"column":4},"end":{"line":18,"column":19}},"11":{"start":{"line":19,"column":4},"end":{"line":24,"column":5}},"12":{"start":{"line":20,"column":6},"end":{"line":23,"column":7}},"13":{"start":{"line":21,"column":8},"end":{"line":21,"column":37}},"14":{"start":{"line":22,"column":8},"end":{"line":22,"column":23}},"15":{"start":{"line":25,"column":9},"end":{"line":41,"column":3}},"16":{"start":{"line":26,"column":4},"end":{"line":26,"column":33}},"17":{"start":{"line":27,"column":4},"end":{"line":27,"column":19}},"18":{"start":{"line":28,"column":4},"end":{"line":33,"column":5}},"19":{"start":{"line":29,"column":6},"end":{"line":32,"column":7}},"20":{"start":{"line":30,"column":8},"end":{"line":30,"column":37}},"21":{"start":{"line":31,"column":8},"end":{"line":31,"column":23}},"22":{"start":{"line":35,"column":4},"end":{"line":35,"column":19}},"23":{"start":{"line":36,"column":4},"end":{"line":40,"column":5}},"24":{"start":{"line":37,"column":6},"end":{"line":39,"column":7}},"25":{"start":{"line":38,"column":8},"end":{"line":38,"column":24}},"26":{"start":{"line":42,"column":2},"end":{"line":42,"column":13}},"27":{"start":{"line":45,"column":0},"end":{"line":75,"column":1}},"28":{"start":{"line":46,"column":2},"end":{"line":46,"column":10}},"29":{"start":{"line":47,"column":2},"end":{"line":47,"column":14}},"30":{"start":{"line":48,"column":2},"end":{"line":73,"column":3}},"31":{"start":{"line":49,"column":4},"end":{"line":49,"column":33}},"32":{"start":{"line":50,"column":4},"end":{"line":50,"column":19}},"33":{"start":{"line":51,"column":4},"end":{"line":56,"column":5}},"34":{"start":{"line":52,"column":6},"end":{"line":55,"column":7}},"35":{"start":{"line":53,"column":8},"end":{"line":53,"column":37}},"36":{"start":{"line":54,"column":8},"end":{"line":54,"column":23}},"37":{"start":{"line":57,"column":9},"end":{"line":73,"column":3}},"38":{"start":{"line":58,"column":4},"end":{"line":58,"column":33}},"39":{"start":{"line":59,"column":4},"end":{"line":59,"column":19}},"40":{"start":{"line":60,"column":4},"end":{"line":65,"column":5}},"41":{"start":{"line":61,"column":6},"end":{"line":64,"column":7}},"42":{"start":{"line":62,"column":8},"end":{"line":62,"column":37}},"43":{"start":{"line":63,"column":8},"end":{"line":63,"column":23}},"44":{"start":{"line":67,"column":4},"end":{"line":67,"column":19}},"45":{"start":{"line":68,"column":4},"end":{"line":72,"column":5}},"46":{"start":{"line":69,"column":6},"end":{"line":71,"column":7}},"47":{"start":{"line":70,"column":8},"end":{"line":70,"column":24}},"48":{"start":{"line":74,"column":2},"end":{"line":74,"column":13}},"49":{"start":{"line":77,"column":0},"end":{"line":91,"column":1}},"50":{"start":{"line":78,"column":2},"end":{"line":78,"column":23}},"51":{"start":{"line":79,"column":2},"end":{"line":89,"column":3}},"52":{"start":{"line":81,"column":4},"end":{"line":86,"column":5}},"53":{"start":{"line":83,"column":6},"end":{"line":85,"column":7}},"54":{"start":{"line":84,"column":8},"end":{"line":84,"column":35}},"55":{"start":{"line":88,"column":4},"end":{"line":88,"column":45}},"56":{"start":{"line":90,"column":2},"end":{"line":90,"column":21}},"57":{"start":{"line":93,"column":0},"end":{"line":113,"column":1}},"58":{"start":{"line":94,"column":2},"end":{"line":94,"column":23}},"59":{"start":{"line":95,"column":2},"end":{"line":95,"column":22}},"60":{"start":{"line":96,"column":2},"end":{"line":96,"column":25}},"61":{"start":{"line":98,"column":2},"end":{"line":103,"column":3}},"62":{"start":{"line":99,"column":4},"end":{"line":102,"column":5}},"63":{"start":{"line":100,"column":6},"end":{"line":100,"column":33}},"64":{"start":{"line":101,"column":6},"end":{"line":101,"column":25}},"65":{"start":{"line":105,"column":2},"end":{"line":111,"column":3}},"66":{"start":{"line":106,"column":4},"end":{"line":106,"column":34}},"67":{"start":{"line":108,"column":4},"end":{"line":110,"column":5}},"68":{"start":{"line":109,"column":8},"end":{"line":109,"column":40}},"69":{"start":{"line":112,"column":2},"end":{"line":112,"column":21}},"70":{"start":{"line":115,"column":0},"end":{"line":115,"column":23}}},"branchMap":{"1":{"line":16,"type":"if","locations":[{"start":{"line":16,"column":2},"end":{"line":16,"column":2}},{"start":{"line":16,"column":2},"end":{"line":16,"column":2}}]},"2":{"line":20,"type":"if","locations":[{"start":{"line":20,"column":6},"end":{"line":20,"column":6}},{"start":{"line":20,"column":6},"end":{"line":20,"column":6}}]},"3":{"line":25,"type":"if","locations":[{"start":{"line":25,"column":9},"end":{"line":25,"column":9}},{"start":{"line":25,"column":9},"end":{"line":25,"column":9}}]},"4":{"line":29,"type":"if","locations":[{"start":{"line":29,"column":6},"end":{"line":29,"column":6}},{"start":{"line":29,"column":6},"end":{"line":29,"column":6}}]},"5":{"line":37,"type":"if","locations":[{"start":{"line":37,"column":6},"end":{"line":37,"column":6}},{"start":{"line":37,"column":6},"end":{"line":37,"column":6}}]},"6":{"line":48,"type":"if","locations":[{"start":{"line":48,"column":2},"end":{"line":48,"column":2}},{"start":{"line":48,"column":2},"end":{"line":48,"column":2}}]},"7":{"line":52,"type":"if","locations":[{"start":{"line":52,"column":6},"end":{"line":52,"column":6}},{"start":{"line":52,"column":6},"end":{"line":52,"column":6}}]},"8":{"line":57,"type":"if","locations":[{"start":{"line":57,"column":9},"end":{"line":57,"column":9}},{"start":{"line":57,"column":9},"end":{"line":57,"column":9}}]},"9":{"line":61,"type":"if","locations":[{"start":{"line":61,"column":6},"end":{"line":61,"column":6}},{"start":{"line":61,"column":6},"end":{"line":61,"column":6}}]},"10":{"line":69,"type":"if","locations":[{"start":{"line":69,"column":6},"end":{"line":69,"column":6}},{"start":{"line":69,"column":6},"end":{"line":69,"column":6}}]},"11":{"line":79,"type":"if","locations":[{"start":{"line":79,"column":2},"end":{"line":79,"column":2}},{"start":{"line":79,"column":2},"end":{"line":79,"column":2}}]},"12":{"line":83,"type":"if","locations":[{"start":{"line":83,"column":6},"end":{"line":83,"column":6}},{"start":{"line":83,"column":6},"end":{"line":83,"column":6}}]},"13":{"line":99,"type":"if","locations":[{"start":{"line":99,"column":4},"end":{"line":99,"column":4}},{"start":{"line":99,"column":4},"end":{"line":99,"column":4}}]},"14":{"line":105,"type":"if","locations":[{"start":{"line":105,"column":2},"end":{"line":105,"column":2}},{"start":{"line":105,"column":2},"end":{"line":105,"column":2}}]}}}}