{"/Users/JasonYang/Desktop/practice-demo/my_lodash/app/array/array.js":{"path":"/Users/JasonYang/Desktop/practice-demo/my_lodash/app/array/array.js","s":{"1":1,"2":1,"3":5,"4":16,"5":1,"6":4,"7":4,"8":4,"9":1,"10":1,"11":3,"12":1,"13":1,"14":3,"15":1,"16":1,"17":3,"18":1,"19":1,"20":2,"21":2,"22":10,"23":3,"24":4,"25":1},"b":{"1":[1,3],"2":[1,2],"3":[1,2],"4":[1,2],"5":[3,7]},"f":{"1":0,"2":5,"3":4},"fnMap":{"1":{"name":"Array","line":3,"loc":{"start":{"line":3,"column":0},"end":{"line":3,"column":17}}},"2":{"name":"(anonymous_2)","line":7,"loc":{"start":{"line":7,"column":16},"end":{"line":7,"column":42}}},"3":{"name":"(anonymous_3)","line":13,"loc":{"start":{"line":13,"column":12},"end":{"line":13,"column":37}}}},"statementMap":{"1":{"start":{"line":3,"column":0},"end":{"line":5,"column":1}},"2":{"start":{"line":7,"column":0},"end":{"line":11,"column":1}},"3":{"start":{"line":8,"column":2},"end":{"line":10,"column":3}},"4":{"start":{"line":9,"column":4},"end":{"line":9,"column":23}},"5":{"start":{"line":13,"column":0},"end":{"line":41,"column":1}},"6":{"start":{"line":14,"column":2},"end":{"line":14,"column":10}},"7":{"start":{"line":15,"column":2},"end":{"line":15,"column":14}},"8":{"start":{"line":16,"column":2},"end":{"line":39,"column":3}},"9":{"start":{"line":17,"column":4},"end":{"line":17,"column":33}},"10":{"start":{"line":18,"column":4},"end":{"line":23,"column":5}},"11":{"start":{"line":19,"column":6},"end":{"line":22,"column":7}},"12":{"start":{"line":20,"column":8},"end":{"line":20,"column":37}},"13":{"start":{"line":21,"column":8},"end":{"line":21,"column":23}},"14":{"start":{"line":24,"column":9},"end":{"line":39,"column":3}},"15":{"start":{"line":25,"column":4},"end":{"line":25,"column":33}},"16":{"start":{"line":26,"column":4},"end":{"line":31,"column":5}},"17":{"start":{"line":27,"column":6},"end":{"line":30,"column":7}},"18":{"start":{"line":28,"column":8},"end":{"line":28,"column":37}},"19":{"start":{"line":29,"column":8},"end":{"line":29,"column":23}},"20":{"start":{"line":33,"column":4},"end":{"line":33,"column":19}},"21":{"start":{"line":34,"column":4},"end":{"line":38,"column":5}},"22":{"start":{"line":35,"column":6},"end":{"line":37,"column":7}},"23":{"start":{"line":36,"column":8},"end":{"line":36,"column":24}},"24":{"start":{"line":40,"column":2},"end":{"line":40,"column":13}},"25":{"start":{"line":43,"column":0},"end":{"line":43,"column":23}}},"branchMap":{"1":{"line":16,"type":"if","locations":[{"start":{"line":16,"column":2},"end":{"line":16,"column":2}},{"start":{"line":16,"column":2},"end":{"line":16,"column":2}}]},"2":{"line":19,"type":"if","locations":[{"start":{"line":19,"column":6},"end":{"line":19,"column":6}},{"start":{"line":19,"column":6},"end":{"line":19,"column":6}}]},"3":{"line":24,"type":"if","locations":[{"start":{"line":24,"column":9},"end":{"line":24,"column":9}},{"start":{"line":24,"column":9},"end":{"line":24,"column":9}}]},"4":{"line":27,"type":"if","locations":[{"start":{"line":27,"column":6},"end":{"line":27,"column":6}},{"start":{"line":27,"column":6},"end":{"line":27,"column":6}}]},"5":{"line":35,"type":"if","locations":[{"start":{"line":35,"column":6},"end":{"line":35,"column":6}},{"start":{"line":35,"column":6},"end":{"line":35,"column":6}}]}}}}