TN:
SF:/Users/JasonYang/Desktop/practice-demo/my_lodash/app/array/array.js
FN:3,Array
FN:7,(anonymous_2)
FN:13,(anonymous_3)
FNF:3
FNH:2
FNDA:0,Array
FNDA:5,(anonymous_2)
FNDA:4,(anonymous_3)
DA:3,1
DA:7,1
DA:8,5
DA:9,16
DA:13,1
DA:14,4
DA:15,4
DA:16,4
DA:17,1
DA:18,1
DA:19,3
DA:20,1
DA:21,1
DA:24,3
DA:25,1
DA:26,1
DA:27,3
DA:28,1
DA:29,1
DA:33,2
DA:34,2
DA:35,10
DA:36,3
DA:40,4
DA:43,1
LF:25
LH:25
BRDA:16,1,0,1
BRDA:16,1,1,3
BRDA:19,2,0,1
BRDA:19,2,1,2
BRDA:24,3,0,1
BRDA:24,3,1,2
BRDA:27,4,0,1
BRDA:27,4,1,2
BRDA:35,5,0,3
BRDA:35,5,1,7
BRF:10
BRH:10
end_of_record
