TN:
SF:/Users/JasonYang/Desktop/practice-demo/my_lodash/app/array/array.js
FN:3,Array
FN:7,(anonymous_2)
FN:13,(anonymous_3)
FN:45,(anonymous_4)
FN:77,(anonymous_5)
FN:93,(anonymous_6)
FNF:6
FNH:5
FNDA:0,Array
FNDA:5,(anonymous_2)
FNDA:4,(anonymous_3)
FNDA:4,(anonymous_4)
FNDA:3,(anonymous_5)
FNDA:2,(anonymous_6)
DA:3,1
DA:7,1
DA:8,5
DA:9,16
DA:13,1
DA:14,4
DA:15,4
DA:16,4
DA:17,1
DA:18,1
DA:19,1
DA:20,3
DA:21,1
DA:22,1
DA:25,3
DA:26,1
DA:27,1
DA:28,1
DA:29,3
DA:30,1
DA:31,1
DA:35,2
DA:36,2
DA:37,10
DA:38,3
DA:42,4
DA:45,1
DA:46,4
DA:47,4
DA:48,4
DA:49,1
DA:50,1
DA:51,1
DA:52,3
DA:53,1
DA:54,1
DA:57,3
DA:58,1
DA:59,1
DA:60,1
DA:61,3
DA:62,1
DA:63,1
DA:67,2
DA:68,2
DA:69,10
DA:70,1
DA:74,4
DA:77,1
DA:78,3
DA:79,3
DA:81,3
DA:83,10
DA:84,4
DA:88,0
DA:90,3
DA:93,1
DA:94,2
DA:95,2
DA:96,2
DA:98,2
DA:99,9
DA:100,3
DA:101,3
DA:105,2
DA:106,0
DA:108,2
DA:109,3
DA:112,2
DA:115,1
LF:70
LH:68
BRDA:16,1,0,1
BRDA:16,1,1,3
BRDA:20,2,0,1
BRDA:20,2,1,2
BRDA:25,3,0,1
BRDA:25,3,1,2
BRDA:29,4,0,1
BRDA:29,4,1,2
BRDA:37,5,0,3
BRDA:37,5,1,7
BRDA:48,6,0,1
BRDA:48,6,1,3
BRDA:52,7,0,1
BRDA:52,7,1,2
BRDA:57,8,0,1
BRDA:57,8,1,2
BRDA:61,9,0,1
BRDA:61,9,1,2
BRDA:69,10,0,1
BRDA:69,10,1,9
BRDA:79,11,0,3
BRDA:79,11,1,0
BRDA:83,12,0,4
BRDA:83,12,1,6
BRDA:99,13,0,3
BRDA:99,13,1,6
BRDA:105,14,0,0
BRDA:105,14,1,2
BRF:28
BRH:26
end_of_record
